#
# There is insufficient memory for the Java Runtime Environment to continue.
# Native memory allocation (mmap) failed to map 266338304 bytes for Failed to commit area from 0x0000000703a00000 to 0x0000000713800000 of length 266338304.
# Possible reasons:
#   The system is out of physical RAM or swap space
#   The process is running with CompressedOops enabled, and the Java Heap may be blocking the growth of the native heap
# Possible solutions:
#   Reduce memory load on the system
#   Increase physical memory or swap space
#   Check if swap backing store is full
#   Decrease Java heap size (-Xmx/-Xms)
#   Decrease number of Java threads
#   Decrease Java thread stack sizes (-Xss)
#   Set larger code cache with -XX:ReservedCodeCacheSize=
# This output file may be truncated or incomplete.
#
#  Out of Memory Error (t:/workspace/open/src/hotspot/os/windows/os_windows.cpp:3264), pid=23436, tid=25004
#
# JRE version:  (12.0.2+10) (build )
# Java VM: Java HotSpot(TM) 64-Bit Server VM (12.0.2+10, mixed mode, aot, sharing, tiered, compressed oops, g1 gc, windows-amd64)
# No core dump will be written. Minidumps are not enabled by default on client versions of Windows
#

---------------  S U M M A R Y ------------

Command Line: -Dfile.encoding=Cp1252 ui.Console

Host: Intel(R) Core(TM) i7-8565U CPU @ 1.80GHz, 8 cores, 15G,  Windows 10 , 64 bit Build 18362 (10.0.18362.778)
Time: Sat May  9 16:51:09 2020 Romance Daylight Time elapsed time: 0 seconds (0d 0h 0m 0s)

---------------  T H R E A D  ---------------

Current thread (0x000001bdf637f800):  JavaThread "Unknown thread" [_thread_in_vm, id=25004, stack(0x0000004de4500000,0x0000004de4600000)]

Stack: [0x0000004de4500000,0x0000004de4600000]
Native frames: (J=compiled Java code, j=interpreted, Vv=VM code, C=native code)
V  [jvm.dll+0x63aa2a]
V  [jvm.dll+0x78ce1e]
V  [jvm.dll+0x78e4c1]
V  [jvm.dll+0x78eb13]
V  [jvm.dll+0x2627e8]
V  [jvm.dll+0x637f5a]
V  [jvm.dll+0x62c845]
V  [jvm.dll+0x31e49c]
V  [jvm.dll+0x31e2cf]
V  [jvm.dll+0x324006]
V  [jvm.dll+0x371f56]
V  [jvm.dll+0x371720]
V  [jvm.dll+0x2f845a]
V  [jvm.dll+0x2f96d2]
V  [jvm.dll+0x767267]
V  [jvm.dll+0x7689f5]
V  [jvm.dll+0x380059]
V  [jvm.dll+0x74b794]
V  [jvm.dll+0x3ef5cd]
V  [jvm.dll+0x3f1471]
C  [jli.dll+0x51cf]
C  [ucrtbase.dll+0x20e72]
C  [KERNEL32.DLL+0x17bd4]
C  [ntdll.dll+0x6ce51]


---------------  P R O C E S S  ---------------

Threads class SMR info:
_java_thread_list=0x00007ffa9e817928, length=0, elements={
}

Java Threads: ( => current thread )

Other Threads:
  0x000001bdf63dd800 GCTaskThread "GC Thread#0" [stack: 0x0000004de4600000,0x0000004de4700000] [id=24776]
  0x000001bdf63f7800 ConcurrentGCThread "G1 Main Marker" [stack: 0x0000004de4700000,0x0000004de4800000] [id=12620]
  0x000001bdf63fa800 ConcurrentGCThread "G1 Conc#0" [stack: 0x0000004de4800000,0x0000004de4900000] [id=11620]

[error occurred during error reporting (printing all threads), id 0xc0000005, EXCEPTION_ACCESS_VIOLATION (0xc0000005) at pc=0x00007ffa9e0485e7]

VM state:not at safepoint (not fully initialized)

VM Mutex/Monitor currently owned by a thread:  ([mutex/lock_event])
[0x000001bdf6379b80] Heap_lock - owner thread: 0x000001bdf637f800

Heap address: 0x0000000703a00000, size: 4038 MB, Compressed Oops mode: Non-zero based: 0x0000000703a00000
Narrow klass base: 0x0000000000000000, Narrow klass shift: 0

GC Heap History (0 events):
No events

Deoptimization events (0 events):
No events

Classes redefined (0 events):
No events

Internal exceptions (0 events):
No events

Events (0 events):
No events


Dynamic libraries:
0x00007ff6b7c30000 - 0x00007ff6b7c3f000 	C:\Program Files\Java\jdk-12.0.2\bin\javaw.exe
0x00007ffaf3020000 - 0x00007ffaf3210000 	C:\WINDOWS\SYSTEM32\ntdll.dll
0x00007ffaf2ab0000 - 0x00007ffaf2b62000 	C:\WINDOWS\System32\KERNEL32.DLL
0x00007ffaeffb0000 - 0x00007ffaf0253000 	C:\WINDOWS\System32\KERNELBASE.dll
0x00007ffaf0330000 - 0x00007ffaf042a000 	C:\WINDOWS\System32\ucrtbase.dll
0x00007ffaebdc0000 - 0x00007ffaebdd6000 	C:\Program Files\Java\jdk-12.0.2\bin\VCRUNTIME140.dll
0x00007ffaec270000 - 0x00007ffaec288000 	C:\Program Files\Java\jdk-12.0.2\bin\jli.dll
0x00007ffaf1490000 - 0x00007ffaf1533000 	C:\WINDOWS\System32\ADVAPI32.dll
0x00007ffaf1770000 - 0x00007ffaf180e000 	C:\WINDOWS\System32\msvcrt.dll
0x00007ffaf22c0000 - 0x00007ffaf2357000 	C:\WINDOWS\System32\sechost.dll
0x00007ffaf2990000 - 0x00007ffaf2ab0000 	C:\WINDOWS\System32\RPCRT4.dll
0x00007ffaf26a0000 - 0x00007ffaf2834000 	C:\WINDOWS\System32\USER32.dll
0x00007ffaf05f0000 - 0x00007ffaf0611000 	C:\WINDOWS\System32\win32u.dll
0x00007ffad2300000 - 0x00007ffad2585000 	C:\WINDOWS\WinSxS\amd64_microsoft.windows.common-controls_6595b64144ccf1df_6.0.18362.778_none_e6c6b761130d4fb8\COMCTL32.dll
0x00007ffaf1550000 - 0x00007ffaf1576000 	C:\WINDOWS\System32\GDI32.dll
0x00007ffaf10d0000 - 0x00007ffaf1406000 	C:\WINDOWS\System32\combase.dll
0x00007ffaf0eb0000 - 0x00007ffaf1044000 	C:\WINDOWS\System32\gdi32full.dll
0x00007ffaf1050000 - 0x00007ffaf10d0000 	C:\WINDOWS\System32\bcryptPrimitives.dll
0x00007ffaf0260000 - 0x00007ffaf02fe000 	C:\WINDOWS\System32\msvcp_win.dll
0x00007ffae38f0000 - 0x00007ffae38fa000 	C:\WINDOWS\SYSTEM32\VERSION.dll
0x00007ffaf2430000 - 0x00007ffaf245e000 	C:\WINDOWS\System32\IMM32.DLL
0x00007ffae1cf0000 - 0x00007ffae1d9a000 	C:\Program Files\Java\jdk-12.0.2\bin\msvcp140.dll
0x00007ffa9dd40000 - 0x00007ffa9e8b7000 	C:\Program Files\Java\jdk-12.0.2\bin\server\jvm.dll
0x00007ffaf2690000 - 0x00007ffaf2698000 	C:\WINDOWS\System32\PSAPI.DLL
0x00007ffaddbd0000 - 0x00007ffaddbd9000 	C:\WINDOWS\SYSTEM32\WSOCK32.dll
0x00007ffaee1b0000 - 0x00007ffaee1d4000 	C:\WINDOWS\SYSTEM32\WINMM.dll
0x00007ffaf2460000 - 0x00007ffaf24cf000 	C:\WINDOWS\System32\WS2_32.dll
0x00007ffaee180000 - 0x00007ffaee1ad000 	C:\WINDOWS\SYSTEM32\WINMMBASE.dll
0x00007ffaf0430000 - 0x00007ffaf047a000 	C:\WINDOWS\System32\cfgmgr32.dll
0x00007ffaeff60000 - 0x00007ffaeff71000 	C:\WINDOWS\System32\kernel.appcore.dll
0x00007ffae2a30000 - 0x00007ffae2a41000 	C:\Program Files\Java\jdk-12.0.2\bin\verify.dll
0x00007ffaedf30000 - 0x00007ffaee124000 	C:\WINDOWS\SYSTEM32\DBGHELP.DLL
0x00007ffad0ba0000 - 0x00007ffad0bca000 	C:\WINDOWS\SYSTEM32\dbgcore.DLL
0x00007ffadcef0000 - 0x00007ffadcf16000 	C:\Program Files\Java\jdk-12.0.2\bin\java.dll
0x00007ffadf5c0000 - 0x00007ffadf5d7000 	C:\Program Files\Java\jdk-12.0.2\bin\zip.dll
0x00007ffadf7b0000 - 0x00007ffadf7ba000 	C:\Program Files\Java\jdk-12.0.2\bin\jimage.dll

dbghelp: loaded successfully - version: 4.0.5 - missing functions: none
symbol engine: initialized successfully - sym options: 0x614 - pdb path: .;C:\Program Files\Java\jdk-12.0.2\bin;C:\WINDOWS\SYSTEM32;C:\WINDOWS\WinSxS\amd64_microsoft.windows.common-controls_6595b64144ccf1df_6.0.18362.778_none_e6c6b761130d4fb8;C:\Program Files\Java\jdk-12.0.2\bin\server

VM Arguments:
jvm_args: -Dfile.encoding=Cp1252 
java_command: ui.Console
java_class_path (initial): C:\Users\schle\penumbral_eclipse\SoftwareHouse\target\classes;C:\Users\schle\penumbral_eclipse\SoftwareHouse\lib\apiguardian-api-1.1.0.jar;C:\Users\schle\penumbral_eclipse\SoftwareHouse\lib\cucumber-core-5.1.0.jar;C:\Users\schle\penumbral_eclipse\SoftwareHouse\lib\cucumber-expressions-8.3.1.jar;C:\Users\schle\penumbral_eclipse\SoftwareHouse\lib\cucumber-gherkin-5.1.0.jar;C:\Users\schle\penumbral_eclipse\SoftwareHouse\lib\cucumber-gherkin-vintage-5.1.0.jar;C:\Users\schle\penumbral_eclipse\SoftwareHouse\lib\cucumber-java-5.1.0.jar;C:\Users\schle\penumbral_eclipse\SoftwareHouse\lib\cucumber-junit-5.1.0.jar;C:\Users\schle\penumbral_eclipse\SoftwareHouse\lib\cucumber-picocontainer-5.1.0.jar;C:\Users\schle\penumbral_eclipse\SoftwareHouse\lib\cucumber-plugin-5.1.0.jar;C:\Users\schle\penumbral_eclipse\SoftwareHouse\lib\datatable-3.2.1.jar;C:\Users\schle\penumbral_eclipse\SoftwareHouse\lib\docstring-5.1.0.jar;C:\Users\schle\penumbral_eclipse\SoftwareHouse\lib\hamcrest-core-1.3.jar;C:\Users\schle\penumbral_eclipse\SoftwareHouse\lib\junit-4.13.jar;C:\Users\schle\penumbral_eclipse\SoftwareHouse\lib\picocontainer-2.15.jar;C:\Users\schle\penumbral_eclipse\SoftwareHouse\lib\tag-expressions-2.0.4.jar;C:\Users\schle\penumbral_eclipse\SoftwareHouse\lib\byte-buddy-1.10.5.jar;C:\Users\schle\penumbral_eclipse\SoftwareHouse\lib\byte-buddy-agent-1.10.5.jar;C:\Users\schle\penumbral_eclipse\SoftwareHouse\lib\mockito-core-3.2.4.jar;C:\Users\schle\penumbral_eclipse\SoftwareHouse\lib\objenesis-2.6.jar
Launcher Type: SUN_STANDARD

[Global flags]
     intx CICompilerCount                          = 4                                         {product} {ergonomic}
     uint ConcGCThreads                            = 2                                         {product} {ergonomic}
     uint G1ConcRefinementThreads                  = 8                                         {product} {ergonomic}
   size_t G1HeapRegionSize                         = 1048576                                   {product} {ergonomic}
    uintx GCDrainStackTargetSize                   = 64                                        {product} {ergonomic}
   size_t InitialHeapSize                          = 266338304                                 {product} {ergonomic}
   size_t MarkStackSize                            = 4194304                                   {product} {ergonomic}
   size_t MaxHeapSize                              = 4234149888                                {product} {ergonomic}
   size_t MinHeapDeltaBytes                        = 1048576                                   {product} {ergonomic}
    uintx NonNMethodCodeHeapSize                   = 5836300                                {pd product} {ergonomic}
    uintx NonProfiledCodeHeapSize                  = 122910970                              {pd product} {ergonomic}
    uintx ProfiledCodeHeapSize                     = 122910970                              {pd product} {ergonomic}
    uintx ReservedCodeCacheSize                    = 251658240                              {pd product} {ergonomic}
     bool SegmentedCodeCache                       = true                                      {product} {ergonomic}
     bool UseCompressedClassPointers               = true                                 {lp64_product} {ergonomic}
     bool UseCompressedOops                        = true                                 {lp64_product} {ergonomic}
     bool UseG1GC                                  = true                                      {product} {ergonomic}
     bool UseLargePagesIndividualAllocation        = false                                  {pd product} {ergonomic}

Logging:
Log output configuration:
 #0: stdout all=warning uptime,level,tags
 #1: stderr all=off uptime,level,tags

Environment Variables:
JAVA_HOME=C:\Program Files\BellSoft\LibericaJDK-13\
PATH=C:/Program Files/Java/jdk-12.0.2/bin/server;C:/Program Files/Java/jdk-12.0.2/bin;C:\Program Files\BellSoft\LibericaJDK-13\bin\;C:\WINDOWS\system32;C:\WINDOWS;C:\WINDOWS\System32\Wbem;C:\WINDOWS\System32\WindowsPowerShell\v1.0\;C:\WINDOWS\System32\OpenSSH\;C:\program files\java\jdk-12.0.2\bin\;C:\Program Files\Git\cmd;C:\Program Files\MiKTeX 2.9\miktex\bin\x64\;C:\program files\java\jdk.12.0.2\bin;C:\Users\schle\AppData\Local\Programs\Python\Python37-32\Scripts\;C:\Users\schle\AppData\Local\Programs\Python\Python37-32\;C:\Users\schle\AppData\Local\Microsoft\WindowsApps;C:\Users\schle\AppData\Local\GitHubDesktop\bin;%USERPROFILE%\AppData\Local\Microsoft\WindowsApps;;C:\Users\schle\eclipse\java-2019-06\eclipse;
USERNAME=schle
OS=Windows_NT
PROCESSOR_IDENTIFIER=Intel64 Family 6 Model 142 Stepping 11, GenuineIntel



---------------  S Y S T E M  ---------------

OS: Windows 10 , 64 bit Build 18362 (10.0.18362.778)

CPU:total 8 (initial active 8) (4 cores per cpu, 2 threads per core) family 6 model 142 stepping 11, cmov, cx8, fxsr, mmx, sse, sse2, sse3, ssse3, sse4.1, sse4.2, popcnt, avx, avx2, aes, clmul, erms, 3dnowpref, lzcnt, ht, tsc, tscinvbit, bmi1, bmi2, adx, fma

Memory: 4k page, system-wide physical 16150M (7088M free)
TotalPageFile size 21830M (AvailPageFile size 105M)
current process WorkingSet (physical memory assigned to process): 10M, peak: 10M
current process commit charge ("private bytes"): 61M, peak: 315M

vm_info: Java HotSpot(TM) 64-Bit Server VM (12.0.2+10) for windows-amd64 JRE (12.0.2+10), built on Jul 16 2019 01:56:17 by "mach5one" with MS VC++ 15.5 (VS2017)

END.
